<?xml version="1.0" encoding="UTF-8"?><testsuite errors="0" failures="0" name="As a user I would like to preform CURD test on services endpoint" skipped="0" tests="5" time="0.43" timestamp="2022-06-19T14:23:12.886+02:00[Europe/Paris]"><testcase name="I read all services data from the application"/><testcase name="I create a new service on services end point"/><testcase name="I read a newly created service on services end point"/><testcase name="I update a newly created service on services end point"/><testcase name="I delete a newly created service on services end point"/></testsuite>