<?xml version="1.0" encoding="UTF-8"?><testsuite errors="0" failures="0" name="com.localhost.playgroundInfo.StoresCRUDTest" skipped="0" tests="15" time="1.55" timestamp="2022-06-19T14:23:16.527+02:00[Europe/Paris]"><testcase classname="com.localhost.playgroundInfo.StoresCRUDTest" name="This will create a New Store"/><testcase classname="com.localhost.playgroundInfo.StoresCRUDTest" name="Verify if the Store was added to the application"/><testcase classname="com.localhost.playgroundInfo.StoresCRUDTest" name="Update the Store information"/><testcase classname="com.localhost.playgroundInfo.StoresCRUDTest" name="Delete the Store by ID"/><testcase classname="com.localhost.playgroundInfo.StoresCRUDTest" name="1. Verify the if the total is equal to 1563"/><testcase classname="com.localhost.playgroundInfo.StoresCRUDTest" name="2. Verify the if the stores of limit is equal to 10"/><testcase classname="com.localhost.playgroundInfo.StoresCRUDTest" name="3. Check the single ‘Name’ in the Array list (Inver Grove Heights)"/><testcase classname="com.localhost.playgroundInfo.StoresCRUDTest" name="4. Check the multiple ‘Names’ in the ArrayList (Roseville, Burnsville, Maplewood)"/><testcase classname="com.localhost.playgroundInfo.StoresCRUDTest" name="5. Verify the storied=7 inside storeservices of the third store of second services"/><testcase classname="com.localhost.playgroundInfo.StoresCRUDTest" name="6. Check hash map values ‘createdAt’ inside storeservices map where store name = Roseville"/><testcase classname="com.localhost.playgroundInfo.StoresCRUDTest" name="7. Verify the state = MN of forth store"/><testcase classname="com.localhost.playgroundInfo.StoresCRUDTest" name="8. Verify the store name = Rochester of 9th stor"/><testcase classname="com.localhost.playgroundInfo.StoresCRUDTest" name="9. Verify the storeId = 11 for the 6th store"/><testcase classname="com.localhost.playgroundInfo.StoresCRUDTest" name="10. Verify the serviceId = 4 for the 7th store of forth service"/><testcase classname="com.localhost.playgroundInfo.StoresCRUDTest" name="Extracting some data from Response"/></testsuite>