<?xml version="1.0" encoding="UTF-8"?><testsuite errors="0" failures="0" name="As a user I would like to preform CURD test on stores endpoint" skipped="0" tests="5" time="5.61" timestamp="2022-06-19T14:24:11.541+02:00[Europe/Paris]"><testcase name="I create a new store on stores end point"/><testcase name="I read a newly created store on stores end point"/><testcase name="I update a newly created store on stores end point"/><testcase name="I delete a newly created store on stores end point"/><testcase name="I read all stores data from the application"/></testsuite>